<?xml version="1.0" encoding="UTF-8"?>
<testng-results ignored="0" total="2" passed="0" failed="2" skipped="0">
  <reporter-output>
  </reporter-output>
  <suite started-at="2024-03-12T10:56:34 IST" name="Suite" finished-at="2024-03-12T10:56:48 IST" duration-ms="13401">
    <groups>
      <group name="cucumber">
        <method signature="AbstractTestNGCucumberTests.runScenario(io.cucumber.testng.PickleWrapper,io.cucumber.testng.FeatureWrapper)[pri:0, instance:ExecutableClasses.RunnerClass@7526515b]" name="runScenario" class="io.cucumber.testng.AbstractTestNGCucumberTests"/>
      </group> <!-- cucumber -->
    </groups>
    <test started-at="2024-03-12T10:56:34 IST" name="Test" finished-at="2024-03-12T10:56:48 IST" duration-ms="13401">
      <class name="ExecutableClasses.RunnerClass">
        <test-method is-config="true" signature="setUpClass(org.testng.ITestContext)[pri:0, instance:ExecutableClasses.RunnerClass@7526515b]" started-at="2024-03-12T10:56:35 IST" name="setUpClass" finished-at="2024-03-12T10:56:40 IST" duration-ms="5893" status="PASS">
          <params>
            <param index="0">
              <value>
                <![CDATA[org.testng.TestRunner@1c7f9861]]>
              </value>
            </param>
          </params>
          <reporter-output>
          </reporter-output>
        </test-method> <!-- setUpClass -->
        <test-method signature="runScenario(io.cucumber.testng.PickleWrapper,io.cucumber.testng.FeatureWrapper)[pri:0, instance:ExecutableClasses.RunnerClass@7526515b]" started-at="2024-03-12T10:56:40 IST" name="runScenario" description="Runs Cucumber Scenarios" data-provider="scenarios" finished-at="2024-03-12T10:56:45 IST" duration-ms="4501" status="FAIL">
          <params>
            <param index="0">
              <value>
                <![CDATA["Verify Logo"]]>
              </value>
            </param>
            <param index="1">
              <value>
                <![CDATA["Validating Rahul Shetty Application"]]>
              </value>
            </param>
          </params>
          <exception class="java.lang.NullPointerException">
            <message>
              <![CDATA[Cannot invoke "org.openqa.selenium.SearchContext.findElement(org.openqa.selenium.By)" because "this.searchContext" is null]]>
            </message>
            <full-stacktrace>
              <![CDATA[java.lang.NullPointerException: Cannot invoke "org.openqa.selenium.SearchContext.findElement(org.openqa.selenium.By)" because "this.searchContext" is null
at org.openqa.selenium.support.pagefactory.DefaultElementLocator.findElement(DefaultElementLocator.java:68)
at org.openqa.selenium.support.pagefactory.internal.LocatingElementHandler.invoke(LocatingElementHandler.java:38)
at jdk.proxy2/jdk.proxy2.$Proxy27.isDisplayed(Unknown Source)
at Pages.PomClass.VerifyLogo(PomClass.java:25)
at ExecutableClasses.StepDefinition.UserisabletoseetheLogooftheApplication(StepDefinition.java:31)
at ✽.User is able to see the Logo of the Application(file:///F:/eclipse/eclipse/ATT%2019%20August%20class/BehavDrivenDev_Framework07/src/test/resources/FeatureFile/RahulSheety.feature:5)
]]>
            </full-stacktrace>
          </exception> <!-- java.lang.NullPointerException -->
          <reporter-output>
          </reporter-output>
        </test-method> <!-- runScenario -->
        <test-method signature="runScenario(io.cucumber.testng.PickleWrapper,io.cucumber.testng.FeatureWrapper)[pri:0, instance:ExecutableClasses.RunnerClass@7526515b]" started-at="2024-03-12T10:56:45 IST" name="runScenario" description="Runs Cucumber Scenarios" data-provider="scenarios" finished-at="2024-03-12T10:56:45 IST" duration-ms="136" status="FAIL">
          <params>
            <param index="0">
              <value>
                <![CDATA["Verify Practice button"]]>
              </value>
            </param>
            <param index="1">
              <value>
                <![CDATA["Validating Rahul Shetty Application"]]>
              </value>
            </param>
          </params>
          <exception class="java.lang.NullPointerException">
            <message>
              <![CDATA[Cannot invoke "org.openqa.selenium.SearchContext.findElement(org.openqa.selenium.By)" because "this.searchContext" is null]]>
            </message>
            <full-stacktrace>
              <![CDATA[java.lang.NullPointerException: Cannot invoke "org.openqa.selenium.SearchContext.findElement(org.openqa.selenium.By)" because "this.searchContext" is null
at org.openqa.selenium.support.pagefactory.DefaultElementLocator.findElement(DefaultElementLocator.java:68)
at org.openqa.selenium.support.pagefactory.internal.LocatingElementHandler.invoke(LocatingElementHandler.java:38)
at jdk.proxy2/jdk.proxy2.$Proxy27.click(Unknown Source)
at Pages.PomClass.VerifyPracticeButton(PomClass.java:31)
at ExecutableClasses.StepDefinition.UserclicksonPracticebutton(StepDefinition.java:38)
at ✽.User clicks on Practice button(file:///F:/eclipse/eclipse/ATT%2019%20August%20class/BehavDrivenDev_Framework07/src/test/resources/FeatureFile/RahulSheety.feature:8)
]]>
            </full-stacktrace>
          </exception> <!-- java.lang.NullPointerException -->
          <reporter-output>
          </reporter-output>
        </test-method> <!-- runScenario -->
        <test-method is-config="true" signature="tearDownClass()[pri:0, instance:ExecutableClasses.RunnerClass@7526515b]" started-at="2024-03-12T10:56:45 IST" name="tearDownClass" finished-at="2024-03-12T10:56:48 IST" duration-ms="2808" status="PASS">
          <reporter-output>
          </reporter-output>
        </test-method> <!-- tearDownClass -->
      </class> <!-- ExecutableClasses.RunnerClass -->
    </test> <!-- Test -->
  </suite> <!-- Suite -->
</testng-results>
