<?xml version="1.0" encoding="UTF-8"?>
<!-- Generated by org.testng.reporters.JUnitReportReporter -->
<testsuite hostname="Himanshu" failures="0" tests="2" name="ExecutableClasses.RunnerClass" time="4.933" errors="2" timestamp="2024-03-12T10:38:36 IST" skipped="0">
  <testcase classname="ExecutableClasses.RunnerClass" name="runScenario" time="0.165">
    <error message="Cannot invoke &quot;org.openqa.selenium.SearchContext.findElement(org.openqa.selenium.By)&quot; because &quot;this.searchContext&quot; is null" type="java.lang.NullPointerException">
      <![CDATA[java.lang.NullPointerException: Cannot invoke "org.openqa.selenium.SearchContext.findElement(org.openqa.selenium.By)" because "this.searchContext" is null
at org.openqa.selenium.support.pagefactory.DefaultElementLocator.findElement(DefaultElementLocator.java:68)
at org.openqa.selenium.support.pagefactory.internal.LocatingElementHandler.invoke(LocatingElementHandler.java:38)
at jdk.proxy2/jdk.proxy2.$Proxy30.click(Unknown Source)
at Pages.PomClass.VerifyPracticeButton(PomClass.java:31)
at ExecutableClasses.StepDefinition.UserclicksonPracticebutton(StepDefinition.java:38)
at ✽.User clicks on Practice button(file:///F:/eclipse/eclipse/ATT%2019%20August%20class/BehavDrivenDev_Framework07/src/test/resources/FeatureFile/RahulSheety.feature:8)
]]>
    </error>
  </testcase> <!-- runScenario -->
  <system-out/>
  <testcase classname="ExecutableClasses.RunnerClass" name="runScenario" time="4.768">
    <error message="Cannot invoke &quot;org.openqa.selenium.SearchContext.findElement(org.openqa.selenium.By)&quot; because &quot;this.searchContext&quot; is null" type="java.lang.NullPointerException">
      <![CDATA[java.lang.NullPointerException: Cannot invoke "org.openqa.selenium.SearchContext.findElement(org.openqa.selenium.By)" because "this.searchContext" is null
at org.openqa.selenium.support.pagefactory.DefaultElementLocator.findElement(DefaultElementLocator.java:68)
at org.openqa.selenium.support.pagefactory.internal.LocatingElementHandler.invoke(LocatingElementHandler.java:38)
at jdk.proxy2/jdk.proxy2.$Proxy30.isDisplayed(Unknown Source)
at Pages.PomClass.VerifyLogo(PomClass.java:25)
at ExecutableClasses.StepDefinition.UserisabletoseetheLogooftheApplication(StepDefinition.java:31)
at ✽.User is able to see the Logo of the Application(file:///F:/eclipse/eclipse/ATT%2019%20August%20class/BehavDrivenDev_Framework07/src/test/resources/FeatureFile/RahulSheety.feature:5)
]]>
    </error>
  </testcase> <!-- runScenario -->
  <system-out/>
</testsuite> <!-- ExecutableClasses.RunnerClass -->
